<?xml version="1.0" encoding="UTF-8"?>
<beans xmlns="http://www.springframework.org/schema/beans"
	xmlns:security="http://www.springframework.org/schema/security"
	xmlns:xsi="http://www.w3.org/2001/XMLSchema-instance" 
	xmlns:context="http://www.springframework.org/schema/context"
	xmlns:tx="http://www.springframework.org/schema/tx" 
	xmlns:p="http://www.springframework.org/schema/p"
	xmlns:util="http://www.springframework.org/schema/util"
	xsi:schemaLocation="
    http://www.springframework.org/schema/beans http://www.springframework.org/schema/beans/spring-beans-3.1.xsd
    http://www.springframework.org/schema/security http://www.springframework.org/schema/security/spring-security-3.1.xsd
    http://www.springframework.org/schema/context http://www.springframework.org/schema/context/spring-context-3.1.xsd
    http://www.springframework.org/schema/util http://www.springframework.org/schema/util/spring-util-3.1.xsd
    http://www.springframework.org/schema/tx http://www.springframework.org/schema/tx/spring-tx-3.1.xsd"
	default-lazy-init="true"
	default-autowire="byName">
	
	<import resource="classpath:org/openforis/collect/application-context-server.xml"/>

	<bean id="devPropertyConfigurer"
		class="org.springframework.beans.factory.config.PropertyPlaceholderConfigurer">
		<!-- <property name="location" value="file:${user.dir}/dev.properties"/> -->
		<property name="ignoreResourceNotFound" value="true"/>
		<property name="locations">
			<list>
				<value>classpath:/default-dev.properties</value>
				<value>file:${user.dir}/dev.properties</value>
			</list>
		</property>
	</bean>
     
 	<bean id="dataSource" class="org.springframework.jdbc.datasource.SingleConnectionDataSource" destroy-method="destroy">
		<property name="driverClassName" value="${collect.devdb.driver}" />
		<property name="url" value="${collect.devdb.url}"/>
		<property name="username" value="${collect.devdb.username}" />
		<property name="password" value="${collect.devdb.password}" />
	</bean>

	<bean class="org.jooq.impl.SingleConnectionDataSourceConnectionProvider" name="connectionProvider">
        <constructor-arg ref="transactionAwareDataSource" />
    </bean>
	
</beans>
